{
  "stats": {
    "suites": 1,
    "tests": 1,
    "passes": 0,
    "pending": 0,
    "failures": 1,
    "start": "2026-06-21T07:16:11.235Z",
    "end": "2026-06-21T07:16:22.879Z",
    "duration": 11644,
    "testsRegistered": 7,
    "passPercent": 0,
    "pendingPercent": 0,
    "other": 0,
    "hasOther": false,
    "skipped": 6,
    "hasSkipped": true
  },
  "results": [
    {
      "uuid": "a4285f2c-746d-4f2e-9a25-cff09e9e47e4",
      "title": "",
      "fullFile": "cypress\\e2e\\02-guests.cy.js",
      "file": "cypress\\e2e\\02-guests.cy.js",
      "beforeHooks": [],
      "afterHooks": [],
      "tests": [],
      "suites": [
        {
          "uuid": "325f1150-10d1-4712-b43d-0c91cd8c7e7b",
          "title": "E2E: Guest Management",
          "fullFile": "",
          "file": "",
          "beforeHooks": [],
          "afterHooks": [],
          "tests": [
            {
              "title": "should create a new guest successfully",
              "fullTitle": "E2E: Guest Management should create a new guest successfully",
              "timedOut": null,
              "duration": 11609,
              "state": "failed",
              "speed": null,
              "pass": false,
              "fail": true,
              "pending": false,
              "context": null,
              "code": "const guestData = {\n  firstName: `Guest_${Date.now()}`,\n  lastName: 'TestUser',\n  email: `guest${Date.now()}@test.com`,\n  phone: '9840000001',\n  country: 'Nepal'\n};\ncy.get('[data-cy=\"guests-nav\"]').click();\ncy.get('[data-cy=\"add-guest-button\"]').click();\ncy.get('[data-cy=\"guest-form-firstName\"]').type(guestData.firstName);\ncy.get('[data-cy=\"guest-form-lastName\"]').type(guestData.lastName);\ncy.get('[data-cy=\"guest-form-email\"]').type(guestData.email);\ncy.get('[data-cy=\"guest-form-phone\"]').type(guestData.phone);\ncy.get('[data-cy=\"guest-form-country\"]').type(guestData.country);\ncy.get('[data-cy=\"guest-form-submit\"]').click();\ncy.get('[data-cy=\"success-toast\"]', {\n  timeout: 5000\n}).should('exist');\n// Verify guest appears in list\ncy.get(`[data-cy=\"guest-row-${guestData.email}\"]`).should('exist');",
              "err": {
                "message": "AssertionError: Timed out retrying after 10000ms: Expected to find element: `[data-cy=\"dashboard-header\"]`, but never found it.\n\nBecause this error occurred during a `before each` hook we are skipping the remaining tests in the current suite: `E2E: Guest Management`",
                "estack": "AssertionError: Timed out retrying after 10000ms: Expected to find element: `[data-cy=\"dashboard-header\"]`, but never found it.\n\nBecause this error occurred during a `before each` hook we are skipping the remaining tests in the current suite: `E2E: Guest Management`\n    at Context.eval (webpack://hms-cypress/./cypress/support/commands.js:12:61)\n    at wrapped (http://localhost:3001/__cypress/runner/cypress_runner.js:141610:43)",
                "diff": null
              },
              "uuid": "9da0518a-4c89-43fa-b705-083c814935f0",
              "parentUUID": "325f1150-10d1-4712-b43d-0c91cd8c7e7b",
              "isHook": false,
              "skipped": false
            },
            {
              "title": "should validate required fields in guest form",
              "fullTitle": "E2E: Guest Management should validate required fields in guest form",
              "timedOut": null,
              "duration": 0,
              "state": "skipped",
              "speed": null,
              "pass": false,
              "fail": false,
              "pending": false,
              "context": null,
              "code": "cy.get('[data-cy=\"guests-nav\"]').click();\ncy.get('[data-cy=\"add-guest-button\"]').click();\n// Try to submit empty form\ncy.get('[data-cy=\"guest-form-submit\"]').click();\n// Should show validation errors\ncy.get('[data-cy=\"field-error-firstName\"]').should('exist');\ncy.get('[data-cy=\"field-error-lastName\"]').should('exist');\ncy.get('[data-cy=\"field-error-phone\"]').should('exist');",
              "err": {},
              "uuid": "c64714a2-5334-4626-bece-2dcdb21384ae",
              "parentUUID": "325f1150-10d1-4712-b43d-0c91cd8c7e7b",
              "isHook": false,
              "skipped": true
            },
            {
              "title": "should update guest information",
              "fullTitle": "E2E: Guest Management should update guest information",
              "timedOut": null,
              "duration": 0,
              "state": "skipped",
              "speed": null,
              "pass": false,
              "fail": false,
              "pending": false,
              "context": null,
              "code": "const guestData = {\n  firstName: `UpdateGuest_${Date.now()}`,\n  lastName: 'Updated',\n  phone: '9840000002'\n};\ncy.get('[data-cy=\"guests-nav\"]').click();\ncy.get('[data-cy=\"add-guest-button\"]').click();\ncy.get('[data-cy=\"guest-form-firstName\"]').type(guestData.firstName);\ncy.get('[data-cy=\"guest-form-lastName\"]').type(guestData.lastName);\ncy.get('[data-cy=\"guest-form-email\"]').type(`guest${Date.now()}@test.com`);\ncy.get('[data-cy=\"guest-form-phone\"]').type(guestData.phone);\ncy.get('[data-cy=\"guest-form-submit\"]').click();\ncy.get('[data-cy=\"success-toast\"]', {\n  timeout: 5000\n}).should('exist');\n// Edit guest\ncy.get(`[data-cy=\"guest-edit-${guestData.firstName}\"]`).click();\ncy.get('[data-cy=\"guest-form-phone\"]').clear().type('9840000099');\ncy.get('[data-cy=\"guest-form-submit\"]').click();\ncy.get('[data-cy=\"success-toast\"]', {\n  timeout: 5000\n}).should('exist');",
              "err": {},
              "uuid": "468150f4-6115-459d-87d0-3b6c2c2617cd",
              "parentUUID": "325f1150-10d1-4712-b43d-0c91cd8c7e7b",
              "isHook": false,
              "skipped": true
            },
            {
              "title": "should track guest stats - total guests should increase",
              "fullTitle": "E2E: Guest Management should track guest stats - total guests should increase",
              "timedOut": null,
              "duration": 0,
              "state": "skipped",
              "speed": null,
              "pass": false,
              "fail": false,
              "pending": false,
              "context": null,
              "code": "let initialCount = 0;\n// Get initial count\ncy.get('[data-cy=\"stat-total-guests\"]').then(el => {\n  initialCount = parseInt(el.text().replace(/[^0-9]/g, ''));\n});\n// Create new guest\ncy.createNewGuest({\n  firstName: `NewGuest_${Date.now()}`,\n  lastName: 'TrackTest',\n  email: `track${Date.now()}@test.com`,\n  phone: '9840000003'\n});\n// Check stats updated\ncy.get('[data-cy=\"dashboard-nav\"]').click();\ncy.get('[data-cy=\"stat-total-guests\"]').then(el => {\n  const newCount = parseInt(el.text().replace(/[^0-9]/g, ''));\n  expect(newCount).to.equal(initialCount + 1);\n});",
              "err": {},
              "uuid": "79f1c01c-cbe4-4c62-b47b-ddcfa52fb3a3",
              "parentUUID": "325f1150-10d1-4712-b43d-0c91cd8c7e7b",
              "isHook": false,
              "skipped": true
            },
            {
              "title": "should delete guest",
              "fullTitle": "E2E: Guest Management should delete guest",
              "timedOut": null,
              "duration": 0,
              "state": "skipped",
              "speed": null,
              "pass": false,
              "fail": false,
              "pending": false,
              "context": null,
              "code": "const guestData = {\n  firstName: `DeleteGuest_${Date.now()}`,\n  lastName: 'ToDelete',\n  email: `delete${Date.now()}@test.com`,\n  phone: '9840000004'\n};\ncy.get('[data-cy=\"guests-nav\"]').click();\ncy.get('[data-cy=\"add-guest-button\"]').click();\ncy.get('[data-cy=\"guest-form-firstName\"]').type(guestData.firstName);\ncy.get('[data-cy=\"guest-form-lastName\"]').type(guestData.lastName);\ncy.get('[data-cy=\"guest-form-email\"]').type(guestData.email);\ncy.get('[data-cy=\"guest-form-phone\"]').type(guestData.phone);\ncy.get('[data-cy=\"guest-form-submit\"]').click();\ncy.get('[data-cy=\"success-toast\"]').should('exist');\n// Delete guest\ncy.get(`[data-cy=\"guest-delete-${guestData.email}\"]`).click();\ncy.get('[data-cy=\"confirm-delete-button\"]').click();\ncy.get('[data-cy=\"success-toast\"]').should('exist');",
              "err": {},
              "uuid": "3730c29e-a59b-43ab-b23e-0ae02b7edf52",
              "parentUUID": "325f1150-10d1-4712-b43d-0c91cd8c7e7b",
              "isHook": false,
              "skipped": true
            },
            {
              "title": "should view guest profile and balance",
              "fullTitle": "E2E: Guest Management should view guest profile and balance",
              "timedOut": null,
              "duration": 0,
              "state": "skipped",
              "speed": null,
              "pass": false,
              "fail": false,
              "pending": false,
              "context": null,
              "code": "const guestData = {\n  firstName: `ProfileGuest_${Date.now()}`,\n  lastName: 'Profile',\n  email: `profile${Date.now()}@test.com`,\n  phone: '9840000005'\n};\ncy.createNewGuest(guestData);\ncy.get('[data-cy=\"guests-nav\"]').click();\ncy.get(`[data-cy=\"guest-row-${guestData.email}\"]`).click();\ncy.get('[data-cy=\"guest-profile-name\"]').should('exist');\ncy.get('[data-cy=\"guest-profile-balance\"]').should('exist');\ncy.get('[data-cy=\"guest-profile-email\"]').should('contain', guestData.email);",
              "err": {},
              "uuid": "0fad9eb1-ffe7-4b44-952c-9bc4de7ff92b",
              "parentUUID": "325f1150-10d1-4712-b43d-0c91cd8c7e7b",
              "isHook": false,
              "skipped": true
            },
            {
              "title": "should search guests",
              "fullTitle": "E2E: Guest Management should search guests",
              "timedOut": null,
              "duration": 0,
              "state": "skipped",
              "speed": null,
              "pass": false,
              "fail": false,
              "pending": false,
              "context": null,
              "code": "const guestData = {\n  firstName: `SearchGuest_${Date.now()}`,\n  lastName: 'Searchable',\n  email: `search${Date.now()}@test.com`,\n  phone: '9840000006'\n};\ncy.createNewGuest(guestData);\ncy.get('[data-cy=\"guests-nav\"]').click();\ncy.get('[data-cy=\"guests-search\"]').type(guestData.firstName);\n// Should show filtered results\ncy.get(`[data-cy=\"guest-row-${guestData.email}\"]`).should('exist');",
              "err": {},
              "uuid": "2b4f11ba-8456-4566-9192-807541a0d117",
              "parentUUID": "325f1150-10d1-4712-b43d-0c91cd8c7e7b",
              "isHook": false,
              "skipped": true
            }
          ],
          "suites": [],
          "passes": [],
          "failures": [
            "9da0518a-4c89-43fa-b705-083c814935f0"
          ],
          "pending": [],
          "skipped": [
            "c64714a2-5334-4626-bece-2dcdb21384ae",
            "468150f4-6115-459d-87d0-3b6c2c2617cd",
            "79f1c01c-cbe4-4c62-b47b-ddcfa52fb3a3",
            "3730c29e-a59b-43ab-b23e-0ae02b7edf52",
            "0fad9eb1-ffe7-4b44-952c-9bc4de7ff92b",
            "2b4f11ba-8456-4566-9192-807541a0d117"
          ],
          "duration": 11609,
          "root": false,
          "rootEmpty": false,
          "_timeout": 2000
        }
      ],
      "passes": [],
      "failures": [],
      "pending": [],
      "skipped": [],
      "duration": 0,
      "root": true,
      "rootEmpty": true,
      "_timeout": 2000
    }
  ],
  "meta": {
    "mocha": {
      "version": "7.2.0"
    },
    "mochawesome": {
      "options": {
        "quiet": false,
        "reportFilename": "mochawesome",
        "saveHtml": true,
        "saveJson": true,
        "consoleReporter": "spec",
        "useInlineDiffs": false,
        "code": true
      },
      "version": "7.1.4"
    },
    "marge": {
      "options": {
        "reportDir": "mochawesome-report",
        "reportFilename": "mochawesome",
        "overwrite": true,
        "html": true,
        "json": true,
        "charts": true,
        "embeddedScreenshots": true,
        "inlineAssets": true
      },
      "version": "6.3.2"
    }
  }
}